Working on split: 1
Processing...
Done!
BOTDS(1326)
38
Hyperparameter Tuning:
[nhid:8, batch_size:16, lr:0.0001]	Validation loss:0.6914146000688727	accuracy:0.553030303030303
[nhid:8, batch_size:16, lr:0.0005]	Validation loss:0.6983449314579819	accuracy:0.44696969696969696
[nhid:8, batch_size:16, lr:0.001]	Validation loss:0.6937653982278073	accuracy:0.45454545454545453
[nhid:8, batch_size:32, lr:0.0001]	Validation loss:0.6905463735262553	accuracy:0.553030303030303
[nhid:8, batch_size:32, lr:0.0005]	Validation loss:0.693957451618079	accuracy:0.44696969696969696
[nhid:8, batch_size:32, lr:0.001]	Validation loss:0.6945190032323202	accuracy:0.44696969696969696
[nhid:16, batch_size:16, lr:0.0001]	Validation loss:0.6935445901119348	accuracy:0.44696969696969696
[nhid:16, batch_size:16, lr:0.0005]	Validation loss:0.6932834964809995	accuracy:0.5
[nhid:16, batch_size:16, lr:0.001]	Validation loss:0.6944090489185217	accuracy:0.44696969696969696
[nhid:16, batch_size:32, lr:0.0001]	Validation loss:0.696553748665434	accuracy:0.44696969696969696
[nhid:16, batch_size:32, lr:0.0005]	Validation loss:0.6935517498941133	accuracy:0.4318181818181818
[nhid:16, batch_size:32, lr:0.001]	Validation loss:0.6958554983139038	accuracy:0.44696969696969696
[nhid:32, batch_size:16, lr:0.0001]	Validation loss:0.6935562057928606	accuracy:0.44696969696969696
[nhid:32, batch_size:16, lr:0.0005]	Validation loss:0.6934756943673799	accuracy:0.44696969696969696
[nhid:32, batch_size:16, lr:0.001]	Validation loss:0.6944804661201708	accuracy:0.44696969696969696
[nhid:32, batch_size:32, lr:0.0001]	Validation loss:0.6929749015605811	accuracy:0.48484848484848486
[nhid:32, batch_size:32, lr:0.0005]	Validation loss:0.6925793976494761	accuracy:0.5454545454545454
[nhid:32, batch_size:32, lr:0.001]	Validation loss:0.6940092101241603	accuracy:0.44696969696969696
[nhid:64, batch_size:16, lr:0.0001]	Validation loss:0.6935815847281254	accuracy:0.44696969696969696
[nhid:64, batch_size:16, lr:0.0005]	Validation loss:0.6930954871755658	accuracy:0.553030303030303
[nhid:64, batch_size:16, lr:0.001]	Validation loss:0.6943009044184829	accuracy:0.44696969696969696
[nhid:64, batch_size:32, lr:0.0001]	Validation loss:0.6940054893493652	accuracy:0.44696969696969696
[nhid:64, batch_size:32, lr:0.0005]	Validation loss:0.6932087667060621	accuracy:0.4393939393939394
[nhid:64, batch_size:32, lr:0.001]	Validation loss:0.6926129442272764	accuracy:0.553030303030303
[nhid:128, batch_size:16, lr:0.0001]	Validation loss:0.6942827593196522	accuracy:0.44696969696969696
[nhid:128, batch_size:16, lr:0.0005]	Validation loss:0.6939046924764459	accuracy:0.44696969696969696
[nhid:128, batch_size:16, lr:0.001]	Validation loss:0.6937550992676706	accuracy:0.44696969696969696
[nhid:128, batch_size:32, lr:0.0001]	Validation loss:0.6937352166031346	accuracy:0.44696969696969696
[nhid:128, batch_size:32, lr:0.0005]	Validation loss:0.6942554206559153	accuracy:0.45454545454545453
[nhid:128, batch_size:32, lr:0.001]	Validation loss:0.6948265379125421	accuracy:0.48484848484848486
Best hyperparameters: [nhid: 8, batch_size:32, lr:0.0001])
Training Starts.
Validation loss:0.690583510832353	accuracy:0.553030303030303
Model saved at epoch0
Validation loss:0.690728120731585	accuracy:0.553030303030303
Validation loss:0.6908203959465027	accuracy:0.553030303030303
Validation loss:0.6909301118417219	accuracy:0.553030303030303
Validation loss:0.6910421071630536	accuracy:0.553030303030303
Validation loss:0.6911724480715665	accuracy:0.553030303030303
Validation loss:0.6912902178186359	accuracy:0.553030303030303
Validation loss:0.691402894077879	accuracy:0.553030303030303
Validation loss:0.6914662772958929	accuracy:0.553030303030303
Validation loss:0.6915185234763406	accuracy:0.553030303030303
Validation loss:0.691604986335292	accuracy:0.553030303030303
Validation loss:0.6916843688849247	accuracy:0.553030303030303
Validation loss:0.6917399529254797	accuracy:0.553030303030303
Validation loss:0.6917654691320477	accuracy:0.553030303030303
Validation loss:0.691821018854777	accuracy:0.553030303030303
Validation loss:0.6919255617893103	accuracy:0.553030303030303
Validation loss:0.6919884410771456	accuracy:0.553030303030303
Validation loss:0.6920947775696263	accuracy:0.553030303030303
Validation loss:0.6921661839340673	accuracy:0.553030303030303
Validation loss:0.6922705462484648	accuracy:0.553030303030303
Validation loss:0.6923358982259576	accuracy:0.553030303030303
Validation loss:0.6923659479979313	accuracy:0.553030303030303
Validation loss:0.6924239053870692	accuracy:0.553030303030303
Validation loss:0.6924908341783466	accuracy:0.553030303030303
Validation loss:0.692571040355798	accuracy:0.553030303030303
Validation loss:0.6926187349088264	accuracy:0.553030303030303
Validation loss:0.6926852609172012	accuracy:0.553030303030303
Validation loss:0.69279186111508	accuracy:0.553030303030303
Validation loss:0.6928075804854884	accuracy:0.553030303030303
Validation loss:0.6928442734660525	accuracy:0.553030303030303
Validation loss:0.6929195107835712	accuracy:0.553030303030303
Validation loss:0.6929802732034163	accuracy:0.553030303030303
Validation loss:0.6930245486172762	accuracy:0.553030303030303
Validation loss:0.6930447419484457	accuracy:0.553030303030303
Validation loss:0.6930448918631582	accuracy:0.553030303030303
Validation loss:0.6931589119362108	accuracy:0.49242424242424243
Validation loss:0.6932553486390547	accuracy:0.44696969696969696
Validation loss:0.6933394020253961	accuracy:0.44696969696969696
Validation loss:0.6933515613729303	accuracy:0.44696969696969696
Validation loss:0.6934153672420618	accuracy:0.44696969696969696
Validation loss:0.6934939081018622	accuracy:0.44696969696969696
Validation loss:0.6934832948626894	accuracy:0.44696969696969696
Validation loss:0.6934923132260641	accuracy:0.44696969696969696
Validation loss:0.6935671947219155	accuracy:0.44696969696969696
Validation loss:0.6936043898264567	accuracy:0.44696969696969696
Validation loss:0.6936301950252417	accuracy:0.44696969696969696
Validation loss:0.6936869332284639	accuracy:0.44696969696969696
Validation loss:0.6936768943613226	accuracy:0.44696969696969696
Validation loss:0.6936772375395803	accuracy:0.44696969696969696
Validation loss:0.693676825725671	accuracy:0.44696969696969696
Validation loss:0.6937460429740675	accuracy:0.44696969696969696
Validation loss:0.6937882286129575	accuracy:0.44696969696969696
Independent Test Accuracy:0.4696969696969697
Working on split: 2
Processing...
Done!
BOTDS(1326)
38
Hyperparameter Tuning:
[nhid:8, batch_size:16, lr:0.0001]	Validation loss:0.6951015754179521	accuracy:0.4696969696969697
[nhid:8, batch_size:16, lr:0.0005]	Validation loss:0.6921768585840861	accuracy:0.5303030303030303
[nhid:8, batch_size:16, lr:0.001]	Validation loss:0.6932458100896893	accuracy:0.4772727272727273
[nhid:8, batch_size:32, lr:0.0001]	Validation loss:0.6953975955645243	accuracy:0.4696969696969697
[nhid:8, batch_size:32, lr:0.0005]	Validation loss:0.6929973833488695	accuracy:0.5303030303030303
[nhid:8, batch_size:32, lr:0.001]	Validation loss:0.6926837075840343	accuracy:0.5303030303030303
[nhid:16, batch_size:16, lr:0.0001]	Validation loss:0.6933259205384688	accuracy:0.4696969696969697
[nhid:16, batch_size:16, lr:0.0005]	Validation loss:0.6939382119612261	accuracy:0.4696969696969697
[nhid:16, batch_size:16, lr:0.001]	Validation loss:0.6932390819896351	accuracy:0.49242424242424243
[nhid:16, batch_size:32, lr:0.0001]	Validation loss:0.6921416846188632	accuracy:0.5303030303030303
[nhid:16, batch_size:32, lr:0.0005]	Validation loss:0.6941599882010258	accuracy:0.4696969696969697
[nhid:16, batch_size:32, lr:0.001]	Validation loss:0.6926328738530477	accuracy:0.5303030303030303
[nhid:32, batch_size:16, lr:0.0001]	Validation loss:0.6933492891716234	accuracy:0.4696969696969697
[nhid:32, batch_size:16, lr:0.0005]	Validation loss:0.693191920266007	accuracy:0.4696969696969697
[nhid:32, batch_size:16, lr:0.001]	Validation loss:0.6928151087327437	accuracy:0.5303030303030303
[nhid:32, batch_size:32, lr:0.0001]	Validation loss:0.6934614326014663	accuracy:0.45454545454545453
[nhid:32, batch_size:32, lr:0.0005]	Validation loss:0.6943588256835938	accuracy:0.4696969696969697
[nhid:32, batch_size:32, lr:0.001]	Validation loss:0.6930166555173469	accuracy:0.5303030303030303
[nhid:64, batch_size:16, lr:0.0001]	Validation loss:0.6932610959717722	accuracy:0.4696969696969697
[nhid:64, batch_size:16, lr:0.0005]	Validation loss:0.6934402241851344	accuracy:0.4696969696969697
[nhid:64, batch_size:16, lr:0.001]	Validation loss:0.6929539983922784	accuracy:0.5303030303030303
[nhid:64, batch_size:32, lr:0.0001]	Validation loss:0.693038178212715	accuracy:0.5303030303030303
[nhid:64, batch_size:32, lr:0.0005]	Validation loss:0.6932896953640562	accuracy:0.4696969696969697
[nhid:64, batch_size:32, lr:0.001]	Validation loss:0.6937269694877394	accuracy:0.4696969696969697
[nhid:128, batch_size:16, lr:0.0001]	Validation loss:0.6929968776124896	accuracy:0.5303030303030303
[nhid:128, batch_size:16, lr:0.0005]	Validation loss:0.69300388025515	accuracy:0.5303030303030303
[nhid:128, batch_size:16, lr:0.001]	Validation loss:0.6934349518833738	accuracy:0.4696969696969697
[nhid:128, batch_size:32, lr:0.0001]	Validation loss:0.6931259722420664	accuracy:0.5151515151515151
[nhid:128, batch_size:32, lr:0.0005]	Validation loss:0.6931825695615826	accuracy:0.4772727272727273
[nhid:128, batch_size:32, lr:0.001]	Validation loss:0.693547866561196	accuracy:0.4772727272727273
Best hyperparameters: [nhid: 16, batch_size:32, lr:0.0001])
Training Starts.
Validation loss:0.6923732215707953	accuracy:0.5303030303030303
Model saved at epoch0
Validation loss:0.6922521735682632	accuracy:0.5303030303030303
Model saved at epoch1
Validation loss:0.6921560872684825	accuracy:0.5303030303030303
Model saved at epoch2
Validation loss:0.6920635609915762	accuracy:0.5303030303030303
Model saved at epoch3
Validation loss:0.6919830676281091	accuracy:0.5303030303030303
Model saved at epoch4
Validation loss:0.6919089754422506	accuracy:0.5303030303030303
Model saved at epoch5
Validation loss:0.6918322588458206	accuracy:0.5303030303030303
Model saved at epoch6
Validation loss:0.6917701201005415	accuracy:0.5303030303030303
Model saved at epoch7
Validation loss:0.6917063322934237	accuracy:0.5303030303030303
Model saved at epoch8
Validation loss:0.6916549386400165	accuracy:0.5303030303030303
Model saved at epoch9
Validation loss:0.6916065974669023	accuracy:0.5303030303030303
Model saved at epoch10
Validation loss:0.6915651830759916	accuracy:0.5303030303030303
Model saved at epoch11
Validation loss:0.6915165908408888	accuracy:0.5303030303030303
Model saved at epoch12
Validation loss:0.6914832844878688	accuracy:0.5303030303030303
Model saved at epoch13
Validation loss:0.691455192638166	accuracy:0.5303030303030303
Model saved at epoch14
Validation loss:0.6914386785391605	accuracy:0.5303030303030303
Model saved at epoch15
Validation loss:0.6914011402563616	accuracy:0.5303030303030303
Model saved at epoch16
Validation loss:0.6913767330574266	accuracy:0.5303030303030303
Model saved at epoch17
Validation loss:0.6913579973307523	accuracy:0.5303030303030303
Model saved at epoch18
Validation loss:0.6913418282162059	accuracy:0.5303030303030303
Model saved at epoch19
Validation loss:0.691338654720422	accuracy:0.5303030303030303
Model saved at epoch20
Validation loss:0.6913359598679976	accuracy:0.5303030303030303
Model saved at epoch21
Validation loss:0.6913296435818528	accuracy:0.5303030303030303
Model saved at epoch22
Validation loss:0.6913359472245881	accuracy:0.5303030303030303
Validation loss:0.6913408004876339	accuracy:0.5303030303030303
Validation loss:0.6913310903491396	accuracy:0.5303030303030303
Validation loss:0.691335967092803	accuracy:0.5303030303030303
Validation loss:0.6913554993542758	accuracy:0.5303030303030303
Validation loss:0.6913623629194318	accuracy:0.5303030303030303
Validation loss:0.691360946857568	accuracy:0.5303030303030303
Validation loss:0.6913702542131598	accuracy:0.5303030303030303
Validation loss:0.691372994220618	accuracy:0.5303030303030303
Validation loss:0.6913823647932573	accuracy:0.5303030303030303
Validation loss:0.691398150993116	accuracy:0.5303030303030303
Validation loss:0.6914206526496194	accuracy:0.5303030303030303
Validation loss:0.6914364027254509	accuracy:0.5303030303030303
Validation loss:0.6914576689402262	accuracy:0.5303030303030303
Validation loss:0.6914790796511101	accuracy:0.5303030303030303
Validation loss:0.6915021502610409	accuracy:0.5303030303030303
Validation loss:0.6915155883991357	accuracy:0.5303030303030303
Validation loss:0.69152447310361	accuracy:0.5303030303030303
Validation loss:0.6915574146039558	accuracy:0.5303030303030303
Validation loss:0.6915701754165419	accuracy:0.5303030303030303
Validation loss:0.6915825388648293	accuracy:0.5303030303030303
Validation loss:0.6916076775753137	accuracy:0.5303030303030303
Validation loss:0.6916232976046476	accuracy:0.5303030303030303
Validation loss:0.6916275421778361	accuracy:0.5303030303030303
Validation loss:0.6916726448319175	accuracy:0.5303030303030303
Validation loss:0.6916862870707656	accuracy:0.5303030303030303
Validation loss:0.6917066248980436	accuracy:0.5303030303030303
Validation loss:0.6917039878440626	accuracy:0.5303030303030303
Validation loss:0.6917212840282556	accuracy:0.5303030303030303
Validation loss:0.6917655215118871	accuracy:0.5303030303030303
Validation loss:0.6917979554696516	accuracy:0.5303030303030303
Validation loss:0.6918347604346998	accuracy:0.5303030303030303
Validation loss:0.6918688470667059	accuracy:0.5303030303030303
Validation loss:0.6919045628923358	accuracy:0.5303030303030303
Validation loss:0.6919398361986334	accuracy:0.5303030303030303
Validation loss:0.6919545350652753	accuracy:0.5303030303030303
Validation loss:0.6919624570644263	accuracy:0.5303030303030303
Validation loss:0.6919739535360625	accuracy:0.5303030303030303
Validation loss:0.6919891798135006	accuracy:0.5303030303030303
Validation loss:0.692004944338943	accuracy:0.5303030303030303
Validation loss:0.692025009429816	accuracy:0.5303030303030303
Validation loss:0.692049711039572	accuracy:0.5303030303030303
Validation loss:0.6920648957743789	accuracy:0.5303030303030303
Validation loss:0.6920757781375538	accuracy:0.5303030303030303
Validation loss:0.6920887809811216	accuracy:0.5303030303030303
Validation loss:0.6920997392047535	accuracy:0.5303030303030303
Validation loss:0.6921073270566536	accuracy:0.5303030303030303
Validation loss:0.6921172304586931	accuracy:0.5303030303030303
Validation loss:0.692128629395456	accuracy:0.5303030303030303
Validation loss:0.6921387025804231	accuracy:0.5303030303030303
Validation loss:0.692149837811788	accuracy:0.5303030303030303
Independent Test Accuracy:0.4696969696969697
Working on split: 3
Processing...
Done!
BOTDS(1326)
38
Hyperparameter Tuning:
[nhid:8, batch_size:16, lr:0.0001]	Validation loss:0.692246801925428	accuracy:0.5303030303030303
[nhid:8, batch_size:16, lr:0.0005]	Validation loss:0.6960233215129736	accuracy:0.4696969696969697
[nhid:8, batch_size:16, lr:0.001]	Validation loss:0.693022036191189	accuracy:0.5303030303030303
[nhid:8, batch_size:32, lr:0.0001]	Validation loss:0.6918132485765399	accuracy:0.5303030303030303
[nhid:8, batch_size:32, lr:0.0005]	Validation loss:0.693391041322188	accuracy:0.4696969696969697
[nhid:8, batch_size:32, lr:0.001]	Validation loss:0.6942132711410522	accuracy:0.4696969696969697
[nhid:16, batch_size:16, lr:0.0001]	Validation loss:0.6931655117959687	accuracy:0.4696969696969697
[nhid:16, batch_size:16, lr:0.0005]	Validation loss:0.6928656281846942	accuracy:0.5303030303030303
[nhid:16, batch_size:16, lr:0.001]	Validation loss:0.6937314181616812	accuracy:0.4696969696969697
[nhid:16, batch_size:32, lr:0.0001]	Validation loss:0.694945216178894	accuracy:0.4696969696969697
[nhid:16, batch_size:32, lr:0.0005]	Validation loss:0.6928692947734486	accuracy:0.5303030303030303
[nhid:16, batch_size:32, lr:0.001]	Validation loss:0.6938072135954192	accuracy:0.4696969696969697
[nhid:32, batch_size:16, lr:0.0001]	Validation loss:0.6930981079737345	accuracy:0.5303030303030303
[nhid:32, batch_size:16, lr:0.0005]	Validation loss:0.6932309902075565	accuracy:0.4696969696969697
[nhid:32, batch_size:16, lr:0.001]	Validation loss:0.693769917343602	accuracy:0.4696969696969697
[nhid:32, batch_size:32, lr:0.0001]	Validation loss:0.6927705930941033	accuracy:0.5378787878787878
[nhid:32, batch_size:32, lr:0.0005]	Validation loss:0.6929396138046727	accuracy:0.5303030303030303
[nhid:32, batch_size:32, lr:0.001]	Validation loss:0.693470790530696	accuracy:0.4696969696969697
[nhid:64, batch_size:16, lr:0.0001]	Validation loss:0.6931992985985496	accuracy:0.4696969696969697
[nhid:64, batch_size:16, lr:0.0005]	Validation loss:0.6928274956616488	accuracy:0.5303030303030303
[nhid:64, batch_size:16, lr:0.001]	Validation loss:0.6936811750585382	accuracy:0.4696969696969697
[nhid:64, batch_size:32, lr:0.0001]	Validation loss:0.6934097427310366	accuracy:0.4696969696969697
[nhid:64, batch_size:32, lr:0.0005]	Validation loss:0.69327517711755	accuracy:0.4696969696969697
[nhid:64, batch_size:32, lr:0.001]	Validation loss:0.6930227171291005	accuracy:0.5303030303030303
[nhid:128, batch_size:16, lr:0.0001]	Validation loss:0.693342154676264	accuracy:0.4696969696969697
[nhid:128, batch_size:16, lr:0.0005]	Validation loss:0.693660759564602	accuracy:0.4696969696969697
[nhid:128, batch_size:16, lr:0.001]	Validation loss:0.6929050340796962	accuracy:0.5303030303030303
[nhid:128, batch_size:32, lr:0.0001]	Validation loss:0.6932016358231053	accuracy:0.48484848484848486
[nhid:128, batch_size:32, lr:0.0005]	Validation loss:0.6937481923536821	accuracy:0.4696969696969697
[nhid:128, batch_size:32, lr:0.001]	Validation loss:0.6934936353654573	accuracy:0.5075757575757576
Best hyperparameters: [nhid: 8, batch_size:32, lr:0.0001])
Training Starts.
Validation loss:0.6918276476137566	accuracy:0.5303030303030303
Model saved at epoch0
Validation loss:0.6918845826929266	accuracy:0.5303030303030303
Validation loss:0.6919269074093212	accuracy:0.5303030303030303
Validation loss:0.6919707384976473	accuracy:0.5303030303030303
Validation loss:0.6920288476076993	accuracy:0.5303030303030303
Validation loss:0.6920797030131022	accuracy:0.5303030303030303
Validation loss:0.69212637164376	accuracy:0.5303030303030303
Validation loss:0.6921694820577448	accuracy:0.5303030303030303
Validation loss:0.6921977220159589	accuracy:0.5303030303030303
Validation loss:0.6922252900672682	accuracy:0.5303030303030303
Validation loss:0.692253564343308	accuracy:0.5303030303030303
Validation loss:0.6922938155405449	accuracy:0.5303030303030303
Validation loss:0.692320724328359	accuracy:0.5303030303030303
Validation loss:0.6923382824117487	accuracy:0.5303030303030303
Validation loss:0.692370826547796	accuracy:0.5303030303030303
Validation loss:0.6924067844044078	accuracy:0.5303030303030303
Validation loss:0.6924442450205485	accuracy:0.5303030303030303
Validation loss:0.6925012667973837	accuracy:0.5303030303030303
Validation loss:0.6925457426995942	accuracy:0.5303030303030303
Validation loss:0.6926015290347013	accuracy:0.5303030303030303
Validation loss:0.6926364356821234	accuracy:0.5303030303030303
Validation loss:0.692647554657676	accuracy:0.5303030303030303
Validation loss:0.692672899275115	accuracy:0.5303030303030303
Validation loss:0.6926971204353102	accuracy:0.5303030303030303
Validation loss:0.6927405740275527	accuracy:0.5303030303030303
Validation loss:0.6927760225353818	accuracy:0.5303030303030303
Validation loss:0.69281825874791	accuracy:0.5303030303030303
Validation loss:0.6928729180133704	accuracy:0.5303030303030303
Validation loss:0.6928842031594479	accuracy:0.5303030303030303
Validation loss:0.6929153998692831	accuracy:0.5303030303030303
Validation loss:0.692935889417475	accuracy:0.5303030303030303
Validation loss:0.6929667953288916	accuracy:0.5303030303030303
Validation loss:0.6929902271790938	accuracy:0.5303030303030303
Validation loss:0.6929891163652594	accuracy:0.5303030303030303
Validation loss:0.6929734999483282	accuracy:0.5303030303030303
Validation loss:0.693034083554239	accuracy:0.5303030303030303
Validation loss:0.6930532654126486	accuracy:0.5303030303030303
Validation loss:0.6930734424880056	accuracy:0.5303030303030303
Validation loss:0.6930935328656976	accuracy:0.5303030303030303
Validation loss:0.6931298465439768	accuracy:0.5378787878787878
Validation loss:0.6931604435949614	accuracy:0.4772727272727273
Validation loss:0.693144471356363	accuracy:0.5227272727272727
Validation loss:0.6931392135042133	accuracy:0.5303030303030303
Validation loss:0.693166768912113	accuracy:0.4696969696969697
Validation loss:0.6931786031434031	accuracy:0.4621212121212121
Validation loss:0.693179007732507	accuracy:0.4621212121212121
Validation loss:0.6932076233806033	accuracy:0.4621212121212121
Validation loss:0.6931799054145813	accuracy:0.4621212121212121
Validation loss:0.6931729966943915	accuracy:0.4696969696969697
Validation loss:0.6931927059635972	accuracy:0.4696969696969697
Validation loss:0.6932305187890024	accuracy:0.4696969696969697
Validation loss:0.6932620640956995	accuracy:0.4696969696969697
Independent Test Accuracy:0.4772727272727273
Working on split: 4
Processing...
Done!
BOTDS(1326)
38
Hyperparameter Tuning:
[nhid:8, batch_size:16, lr:0.0001]	Validation loss:0.6950228304573984	accuracy:0.4772727272727273
[nhid:8, batch_size:16, lr:0.0005]	Validation loss:0.6933016632542466	accuracy:0.5227272727272727
[nhid:8, batch_size:16, lr:0.001]	Validation loss:0.693862548380187	accuracy:0.4772727272727273
[nhid:8, batch_size:32, lr:0.0001]	Validation loss:0.6952569954323046	accuracy:0.4772727272727273
[nhid:8, batch_size:32, lr:0.0005]	Validation loss:0.6935794389609135	accuracy:0.4772727272727273
[nhid:8, batch_size:32, lr:0.001]	Validation loss:0.693561082536524	accuracy:0.4772727272727273
[nhid:16, batch_size:16, lr:0.0001]	Validation loss:0.6937519745393232	accuracy:0.4772727272727273
[nhid:16, batch_size:16, lr:0.0005]	Validation loss:0.6953476450660012	accuracy:0.4696969696969697
[nhid:16, batch_size:16, lr:0.001]	Validation loss:0.6935905687736742	accuracy:0.4772727272727273
[nhid:16, batch_size:32, lr:0.0001]	Validation loss:0.6926409258986964	accuracy:0.5227272727272727
[nhid:16, batch_size:32, lr:0.0005]	Validation loss:0.6943598841175889	accuracy:0.4772727272727273
[nhid:16, batch_size:32, lr:0.001]	Validation loss:0.6940363338499358	accuracy:0.4696969696969697
[nhid:32, batch_size:16, lr:0.0001]	Validation loss:0.6938202778498331	accuracy:0.4772727272727273
[nhid:32, batch_size:16, lr:0.0005]	Validation loss:0.6938361995147936	accuracy:0.4772727272727273
[nhid:32, batch_size:16, lr:0.001]	Validation loss:0.6934625777331266	accuracy:0.4696969696969697
[nhid:32, batch_size:32, lr:0.0001]	Validation loss:0.6942818200949467	accuracy:0.4621212121212121
[nhid:32, batch_size:32, lr:0.0005]	Validation loss:0.6943791707356771	accuracy:0.4772727272727273
[nhid:32, batch_size:32, lr:0.001]	Validation loss:0.693648636341095	accuracy:0.4772727272727273
[nhid:64, batch_size:16, lr:0.0001]	Validation loss:0.69396526705135	accuracy:0.4772727272727273
[nhid:64, batch_size:16, lr:0.0005]	Validation loss:0.6941100322838986	accuracy:0.4772727272727273
[nhid:64, batch_size:16, lr:0.001]	Validation loss:0.6934124448082664	accuracy:0.4772727272727273
[nhid:64, batch_size:32, lr:0.0001]	Validation loss:0.693712162249016	accuracy:0.4772727272727273
[nhid:64, batch_size:32, lr:0.0005]	Validation loss:0.6935873067740238	accuracy:0.4772727272727273
[nhid:64, batch_size:32, lr:0.001]	Validation loss:0.6939896886998956	accuracy:0.4772727272727273
[nhid:128, batch_size:16, lr:0.0001]	Validation loss:0.693671161478216	accuracy:0.4772727272727273
[nhid:128, batch_size:16, lr:0.0005]	Validation loss:0.6932970502159812	accuracy:0.4772727272727273
[nhid:128, batch_size:16, lr:0.001]	Validation loss:0.6940400744929458	accuracy:0.4772727272727273
[nhid:128, batch_size:32, lr:0.0001]	Validation loss:0.6937777092962554	accuracy:0.4772727272727273
[nhid:128, batch_size:32, lr:0.0005]	Validation loss:0.6935975262613008	accuracy:0.4772727272727273
[nhid:128, batch_size:32, lr:0.001]	Validation loss:0.6943345286629417	accuracy:0.4772727272727273
Best hyperparameters: [nhid: 16, batch_size:32, lr:0.0001])
Training Starts.
Validation loss:0.6939493417739868	accuracy:0.5227272727272727
Model saved at epoch0
Validation loss:0.6937815276059237	accuracy:0.5227272727272727
Model saved at epoch1
Validation loss:0.6936541289994211	accuracy:0.5227272727272727
Model saved at epoch2
Validation loss:0.6935212720524181	accuracy:0.5227272727272727
Model saved at epoch3
Validation loss:0.693413358746153	accuracy:0.5227272727272727
Model saved at epoch4
Validation loss:0.6933040962074742	accuracy:0.5227272727272727
Model saved at epoch5
Validation loss:0.6931950449943542	accuracy:0.5227272727272727
Model saved at epoch6
Validation loss:0.6930953806096857	accuracy:0.5227272727272727
Model saved at epoch7
Validation loss:0.6930100520451864	accuracy:0.5227272727272727
Model saved at epoch8
Validation loss:0.6929210532795299	accuracy:0.5227272727272727
Model saved at epoch9
Validation loss:0.6928476004889517	accuracy:0.5227272727272727
Model saved at epoch10
Validation loss:0.6927883317976287	accuracy:0.5227272727272727
Model saved at epoch11
Validation loss:0.6927134177901528	accuracy:0.5227272727272727
Model saved at epoch12
Validation loss:0.6926567464163809	accuracy:0.5227272727272727
Model saved at epoch13
Validation loss:0.6925924311984669	accuracy:0.5227272727272727
Model saved at epoch14
Validation loss:0.6925445433818933	accuracy:0.5227272727272727
Model saved at epoch15
Validation loss:0.692492998007572	accuracy:0.5227272727272727
Model saved at epoch16
Validation loss:0.6924456845630299	accuracy:0.5227272727272727
Model saved at epoch17
Validation loss:0.692406663388917	accuracy:0.5227272727272727
Model saved at epoch18
Validation loss:0.6923610008124149	accuracy:0.5227272727272727
Model saved at epoch19
Validation loss:0.6923295078855572	accuracy:0.5227272727272727
Model saved at epoch20
Validation loss:0.6923132014997078	accuracy:0.5227272727272727
Model saved at epoch21
Validation loss:0.6922621564431624	accuracy:0.5227272727272727
Model saved at epoch22
Validation loss:0.6922610095053008	accuracy:0.5227272727272727
Model saved at epoch23
Validation loss:0.6922601009860183	accuracy:0.5227272727272727
Model saved at epoch24
Validation loss:0.692232249361096	accuracy:0.5227272727272727
Model saved at epoch25
Validation loss:0.692224610935558	accuracy:0.5227272727272727
Model saved at epoch26
Validation loss:0.6922230395403776	accuracy:0.5227272727272727
Model saved at epoch27
Validation loss:0.6922033085967555	accuracy:0.5227272727272727
Model saved at epoch28
Validation loss:0.6921890829548691	accuracy:0.5227272727272727
Model saved at epoch29
Validation loss:0.6922120433865171	accuracy:0.5227272727272727
Validation loss:0.692208134766781	accuracy:0.5227272727272727
Validation loss:0.6922330422834917	accuracy:0.5227272727272727
Validation loss:0.692214467308738	accuracy:0.5227272727272727
Validation loss:0.692207598324978	accuracy:0.5227272727272727
Validation loss:0.6922073996428287	accuracy:0.5227272727272727
Validation loss:0.6922110572005763	accuracy:0.5227272727272727
Validation loss:0.6922118591539788	accuracy:0.5227272727272727
Validation loss:0.6922226530132871	accuracy:0.5227272727272727
Validation loss:0.692233378236944	accuracy:0.5227272727272727
Validation loss:0.6922357100428957	accuracy:0.5227272727272727
Validation loss:0.6922195066105236	accuracy:0.5227272727272727
Validation loss:0.6922147382389415	accuracy:0.5227272727272727
Validation loss:0.6922153523474028	accuracy:0.5227272727272727
Validation loss:0.692212933843786	accuracy:0.5227272727272727
Validation loss:0.6922168406573209	accuracy:0.5227272727272727
Validation loss:0.692232224074277	accuracy:0.5227272727272727
Validation loss:0.6922499212351713	accuracy:0.5227272727272727
Validation loss:0.6922593730868716	accuracy:0.5227272727272727
Validation loss:0.6922705715352838	accuracy:0.5227272727272727
Validation loss:0.6922783056894938	accuracy:0.5227272727272727
Validation loss:0.6923030632914919	accuracy:0.5227272727272727
Validation loss:0.6923279726144039	accuracy:0.5227272727272727
Validation loss:0.6923403414812955	accuracy:0.5227272727272727
Validation loss:0.6923493273330458	accuracy:0.5227272727272727
Validation loss:0.6923622741843715	accuracy:0.5227272727272727
Validation loss:0.6923655379902233	accuracy:0.5227272727272727
Validation loss:0.6923727772452615	accuracy:0.5227272727272727
Validation loss:0.6923819780349731	accuracy:0.5227272727272727
Validation loss:0.6923899433829568	accuracy:0.5227272727272727
Validation loss:0.6924044941410874	accuracy:0.5227272727272727
Validation loss:0.6924185500000463	accuracy:0.5227272727272727
Validation loss:0.6924309658281731	accuracy:0.5227272727272727
Validation loss:0.6924456520514055	accuracy:0.5227272727272727
Validation loss:0.6924609903133276	accuracy:0.5227272727272727
Validation loss:0.6924727288159457	accuracy:0.5227272727272727
Validation loss:0.6924879334189675	accuracy:0.5227272727272727
Validation loss:0.6925102652925433	accuracy:0.5227272727272727
Validation loss:0.6925235083608916	accuracy:0.5227272727272727
Validation loss:0.6925419280023286	accuracy:0.5227272727272727
Validation loss:0.692558897264076	accuracy:0.5227272727272727
Validation loss:0.6925698988365404	accuracy:0.5227272727272727
Validation loss:0.692587617671851	accuracy:0.5227272727272727
Validation loss:0.6926070722666654	accuracy:0.5227272727272727
Validation loss:0.6926281416054928	accuracy:0.5227272727272727
Validation loss:0.6926434834798177	accuracy:0.5227272727272727
Validation loss:0.6926591721448031	accuracy:0.5227272727272727
Validation loss:0.6926683061050646	accuracy:0.5227272727272727
Validation loss:0.6926750775539514	accuracy:0.5227272727272727
Validation loss:0.6926834402662335	accuracy:0.5227272727272727
Validation loss:0.6926994143110333	accuracy:0.5227272727272727
Independent Test Accuracy:0.5227272727272727
Working on split: 5
Processing...
Done!
BOTDS(1326)
38
Hyperparameter Tuning:
[nhid:8, batch_size:16, lr:0.0001]	Validation loss:0.6949253407391635	accuracy:0.4772727272727273
[nhid:8, batch_size:16, lr:0.0005]	Validation loss:0.6935676336288452	accuracy:0.5227272727272727
[nhid:8, batch_size:16, lr:0.001]	Validation loss:0.6939614270672654	accuracy:0.4772727272727273
[nhid:8, batch_size:32, lr:0.0001]	Validation loss:0.6953671375910441	accuracy:0.4772727272727273
[nhid:8, batch_size:32, lr:0.0005]	Validation loss:0.6936965855685148	accuracy:0.4772727272727273
[nhid:8, batch_size:32, lr:0.001]	Validation loss:0.693783001466231	accuracy:0.4772727272727273
[nhid:16, batch_size:16, lr:0.0001]	Validation loss:0.6938165083076014	accuracy:0.4772727272727273
[nhid:16, batch_size:16, lr:0.0005]	Validation loss:0.6961186022469492	accuracy:0.4621212121212121
[nhid:16, batch_size:16, lr:0.001]	Validation loss:0.6934673244302924	accuracy:0.4772727272727273
[nhid:16, batch_size:32, lr:0.0001]	Validation loss:0.692722454215541	accuracy:0.5227272727272727
[nhid:16, batch_size:32, lr:0.0005]	Validation loss:0.694707742243102	accuracy:0.4772727272727273
[nhid:16, batch_size:32, lr:0.001]	Validation loss:0.694149192535516	accuracy:0.49242424242424243
[nhid:32, batch_size:16, lr:0.0001]	Validation loss:0.6939104434215662	accuracy:0.4772727272727273
[nhid:32, batch_size:16, lr:0.0005]	Validation loss:0.6936801997098055	accuracy:0.4772727272727273
[nhid:32, batch_size:16, lr:0.001]	Validation loss:0.6937475565708044	accuracy:0.4772727272727273
[nhid:32, batch_size:32, lr:0.0001]	Validation loss:0.6953300508585843	accuracy:0.4621212121212121
[nhid:32, batch_size:32, lr:0.0005]	Validation loss:0.6948970520135128	accuracy:0.4772727272727273
[nhid:32, batch_size:32, lr:0.001]	Validation loss:0.693944595076821	accuracy:0.4772727272727273
[nhid:64, batch_size:16, lr:0.0001]	Validation loss:0.6938600594347174	accuracy:0.4772727272727273
[nhid:64, batch_size:16, lr:0.0005]	Validation loss:0.6949194398793307	accuracy:0.4621212121212121
[nhid:64, batch_size:16, lr:0.001]	Validation loss:0.6936037721055927	accuracy:0.4772727272727273
[nhid:64, batch_size:32, lr:0.0001]	Validation loss:0.6937579404224049	accuracy:0.4772727272727273
[nhid:64, batch_size:32, lr:0.0005]	Validation loss:0.6937836842103438	accuracy:0.4772727272727273
[nhid:64, batch_size:32, lr:0.001]	Validation loss:0.6939642790592078	accuracy:0.4772727272727273
[nhid:128, batch_size:16, lr:0.0001]	Validation loss:0.6938397541190638	accuracy:0.4772727272727273
[nhid:128, batch_size:16, lr:0.0005]	Validation loss:0.6933465473579637	accuracy:0.4772727272727273
[nhid:128, batch_size:16, lr:0.001]	Validation loss:0.6941378405599883	accuracy:0.4772727272727273
[nhid:128, batch_size:32, lr:0.0001]	Validation loss:0.6940100211085696	accuracy:0.4772727272727273
[nhid:128, batch_size:32, lr:0.0005]	Validation loss:0.6940013856598826	accuracy:0.4772727272727273
[nhid:128, batch_size:32, lr:0.001]	Validation loss:0.6950174804889795	accuracy:0.4166666666666667
Best hyperparameters: [nhid: 16, batch_size:32, lr:0.0001])
Training Starts.
Validation loss:0.6939023119030576	accuracy:0.5227272727272727
Model saved at epoch0
Validation loss:0.6937513712680701	accuracy:0.5227272727272727
Model saved at epoch1
Validation loss:0.6936302943663164	accuracy:0.5227272727272727
Model saved at epoch2
Validation loss:0.6935060999610207	accuracy:0.5227272727272727
Model saved at epoch3
Validation loss:0.6934052525144635	accuracy:0.5227272727272727
Model saved at epoch4
Validation loss:0.6933015223705408	accuracy:0.5227272727272727
Model saved at epoch5
Validation loss:0.6931954351338473	accuracy:0.5227272727272727
Model saved at epoch6
Validation loss:0.6931034200119249	accuracy:0.5227272727272727
Model saved at epoch7
Validation loss:0.693015916780992	accuracy:0.5227272727272727
Model saved at epoch8
Validation loss:0.692934614239317	accuracy:0.5227272727272727
Model saved at epoch9
Validation loss:0.6928581974723123	accuracy:0.5227272727272727
Model saved at epoch10
Validation loss:0.6927965211145806	accuracy:0.5227272727272727
Model saved at epoch11
Validation loss:0.6927016756751321	accuracy:0.5227272727272727
Model saved at epoch12
Validation loss:0.6926410848444159	accuracy:0.5227272727272727
Model saved at epoch13
Validation loss:0.6925955324461965	accuracy:0.5227272727272727
Model saved at epoch14
Validation loss:0.6925554528380885	accuracy:0.5227272727272727
Model saved at epoch15
Validation loss:0.6925142317107229	accuracy:0.5227272727272727
Model saved at epoch16
Validation loss:0.6924744772188591	accuracy:0.5227272727272727
Model saved at epoch17
Validation loss:0.6924374067422115	accuracy:0.5227272727272727
Model saved at epoch18
Validation loss:0.6924053448619265	accuracy:0.5227272727272727
Model saved at epoch19
Validation loss:0.6923784902601531	accuracy:0.5227272727272727
Model saved at epoch20
Validation loss:0.6923590663707617	accuracy:0.5227272727272727
Model saved at epoch21
Validation loss:0.6923366676677357	accuracy:0.5227272727272727
Model saved at epoch22
Validation loss:0.6923241904287627	accuracy:0.5227272727272727
Model saved at epoch23
Validation loss:0.6923168157086228	accuracy:0.5227272727272727
Model saved at epoch24
Validation loss:0.692341887589657	accuracy:0.5227272727272727
Validation loss:0.6923433542251587	accuracy:0.5227272727272727
Validation loss:0.6923420465353763	accuracy:0.5227272727272727
Validation loss:0.6923577929988052	accuracy:0.5227272727272727
Validation loss:0.6923496668989008	accuracy:0.5227272727272727
Validation loss:0.6923404841712026	accuracy:0.5227272727272727
Validation loss:0.6923200199098298	accuracy:0.5227272727272727
Validation loss:0.6923284024903269	accuracy:0.5227272727272727
Validation loss:0.6923273494749358	accuracy:0.5227272727272727
Validation loss:0.6923453518838594	accuracy:0.5227272727272727
Validation loss:0.6923616799441251	accuracy:0.5227272727272727
Validation loss:0.692381885918704	accuracy:0.5227272727272727
Validation loss:0.692407691117489	accuracy:0.5227272727272727
Validation loss:0.6924295876965378	accuracy:0.5227272727272727
Validation loss:0.6924419457262213	accuracy:0.5227272727272727
Validation loss:0.6924557360735807	accuracy:0.5227272727272727
Validation loss:0.6924426266641328	accuracy:0.5227272727272727
Validation loss:0.6924413785789952	accuracy:0.5227272727272727
Validation loss:0.69245158181046	accuracy:0.5227272727272727
Validation loss:0.6924545855233164	accuracy:0.5227272727272727
Validation loss:0.692433622750369	accuracy:0.5227272727272727
Validation loss:0.6924588716391361	accuracy:0.5227272727272727
Validation loss:0.6924990704565337	accuracy:0.5227272727272727
Validation loss:0.692506654696031	accuracy:0.5227272727272727
Validation loss:0.6924802101019657	accuracy:0.5227272727272727
Validation loss:0.6924457983537153	accuracy:0.5227272727272727
Validation loss:0.6924238548134313	accuracy:0.5227272727272727
Validation loss:0.6924100608536692	accuracy:0.5227272727272727
Validation loss:0.6924166263956012	accuracy:0.5227272727272727
Validation loss:0.6924247452707002	accuracy:0.5227272727272727
Validation loss:0.6924403183387987	accuracy:0.5227272727272727
Validation loss:0.6924414345712373	accuracy:0.5227272727272727
Validation loss:0.6924481753147009	accuracy:0.5227272727272727
Validation loss:0.6924590107166406	accuracy:0.5227272727272727
Validation loss:0.6924622781348951	accuracy:0.5227272727272727
Validation loss:0.6924676895141602	accuracy:0.5227272727272727
Validation loss:0.692480024063226	accuracy:0.5227272727272727
Validation loss:0.6924910762093284	accuracy:0.5227272727272727
Validation loss:0.6925023107817678	accuracy:0.5227272727272727
Validation loss:0.6925182414777351	accuracy:0.5227272727272727
Validation loss:0.6925296747323239	accuracy:0.5227272727272727
Validation loss:0.6925349109100573	accuracy:0.5227272727272727
Validation loss:0.6925479607148604	accuracy:0.5227272727272727
Validation loss:0.6925579490083636	accuracy:0.5227272727272727
Validation loss:0.6925739754330028	accuracy:0.5227272727272727
Validation loss:0.6925902222142075	accuracy:0.5227272727272727
Validation loss:0.6926083889874545	accuracy:0.5227272727272727
Validation loss:0.6926271192955248	accuracy:0.5227272727272727
Validation loss:0.6926439693479827	accuracy:0.5227272727272727
Validation loss:0.69266579729138	accuracy:0.5227272727272727
Validation loss:0.6926815618168224	accuracy:0.5227272727272727
Independent Test Accuracy:0.5303030303030303
Working on split: 6
Processing...
Done!
BOTDS(1326)
38
Hyperparameter Tuning:
[nhid:8, batch_size:16, lr:0.0001]	Validation loss:0.6947210792339209	accuracy:0.4696969696969697
[nhid:8, batch_size:16, lr:0.0005]	Validation loss:0.6927213704947269	accuracy:0.5303030303030303
[nhid:8, batch_size:16, lr:0.001]	Validation loss:0.693139961271575	accuracy:0.49242424242424243
[nhid:8, batch_size:32, lr:0.0001]	Validation loss:0.6952942898779204	accuracy:0.4696969696969697
[nhid:8, batch_size:32, lr:0.0005]	Validation loss:0.6929514119119355	accuracy:0.5303030303030303
[nhid:8, batch_size:32, lr:0.001]	Validation loss:0.6927256999593793	accuracy:0.5303030303030303
[nhid:16, batch_size:16, lr:0.0001]	Validation loss:0.6931423310077551	accuracy:0.5303030303030303
[nhid:16, batch_size:16, lr:0.0005]	Validation loss:0.6945205926895142	accuracy:0.4696969696969697
[nhid:16, batch_size:16, lr:0.001]	Validation loss:0.6931878021269133	accuracy:0.42424242424242425
[nhid:16, batch_size:32, lr:0.0001]	Validation loss:0.6921849088235335	accuracy:0.5303030303030303
[nhid:16, batch_size:32, lr:0.0005]	Validation loss:0.6941589117050171	accuracy:0.4696969696969697
[nhid:16, batch_size:32, lr:0.001]	Validation loss:0.694237616929141	accuracy:0.5303030303030303
[nhid:32, batch_size:16, lr:0.0001]	Validation loss:0.6931072491588015	accuracy:0.5303030303030303
[nhid:32, batch_size:16, lr:0.0005]	Validation loss:0.6929056752811779	accuracy:0.5303030303030303
[nhid:32, batch_size:16, lr:0.001]	Validation loss:0.6927114977981105	accuracy:0.5303030303030303
[nhid:32, batch_size:32, lr:0.0001]	Validation loss:0.6936826308568319	accuracy:0.48484848484848486
[nhid:32, batch_size:32, lr:0.0005]	Validation loss:0.6942733453981804	accuracy:0.4696969696969697
[nhid:32, batch_size:32, lr:0.001]	Validation loss:0.6928515687133326	accuracy:0.5303030303030303
[nhid:64, batch_size:16, lr:0.0001]	Validation loss:0.692949602098176	accuracy:0.5303030303030303
[nhid:64, batch_size:16, lr:0.0005]	Validation loss:0.6953764539776426	accuracy:0.4393939393939394
[nhid:64, batch_size:16, lr:0.001]	Validation loss:0.693912867343787	accuracy:0.4393939393939394
[nhid:64, batch_size:32, lr:0.0001]	Validation loss:0.6929676984295701	accuracy:0.5303030303030303
[nhid:64, batch_size:32, lr:0.0005]	Validation loss:0.6929043278549657	accuracy:0.5303030303030303
[nhid:64, batch_size:32, lr:0.001]	Validation loss:0.6930455005530155	accuracy:0.5303030303030303
[nhid:128, batch_size:16, lr:0.0001]	Validation loss:0.6930092518979852	accuracy:0.5303030303030303
[nhid:128, batch_size:16, lr:0.0005]	Validation loss:0.6927340789274736	accuracy:0.5303030303030303
[nhid:128, batch_size:16, lr:0.001]	Validation loss:0.6933883699503812	accuracy:0.4696969696969697
[nhid:128, batch_size:32, lr:0.0001]	Validation loss:0.6933253678408536	accuracy:0.4621212121212121
[nhid:128, batch_size:32, lr:0.0005]	Validation loss:0.6929833834821527	accuracy:0.5303030303030303
[nhid:128, batch_size:32, lr:0.001]	Validation loss:0.6973634560902914	accuracy:0.4393939393939394
Best hyperparameters: [nhid: 16, batch_size:32, lr:0.0001])
Training Starts.
Validation loss:0.6923589652234857	accuracy:0.5303030303030303
Model saved at epoch0
Validation loss:0.6922428680188728	accuracy:0.5303030303030303
Model saved at epoch1
Validation loss:0.6921480099360148	accuracy:0.5303030303030303
Model saved at epoch2
Validation loss:0.6920587203719399	accuracy:0.5303030303030303
Model saved at epoch3
Validation loss:0.6919956893631907	accuracy:0.5303030303030303
Model saved at epoch4
Validation loss:0.6919230114329945	accuracy:0.5303030303030303
Model saved at epoch5
Validation loss:0.6918444633483887	accuracy:0.5303030303030303
Model saved at epoch6
Validation loss:0.6917764255494783	accuracy:0.5303030303030303
Model saved at epoch7
Validation loss:0.691717267036438	accuracy:0.5303030303030303
Model saved at epoch8
Validation loss:0.6916689150261156	accuracy:0.5303030303030303
Model saved at epoch9
Validation loss:0.691625947302038	accuracy:0.5303030303030303
Model saved at epoch10
Validation loss:0.6915911743135164	accuracy:0.5303030303030303
Model saved at epoch11
Validation loss:0.6915544199221062	accuracy:0.5303030303030303
Model saved at epoch12
Validation loss:0.6915320880485304	accuracy:0.5303030303030303
Model saved at epoch13
Validation loss:0.6914834199529706	accuracy:0.5303030303030303
Model saved at epoch14
Validation loss:0.691470944520199	accuracy:0.5303030303030303
Model saved at epoch15
Validation loss:0.6914487896543561	accuracy:0.5303030303030303
Model saved at epoch16
Validation loss:0.6914342136094065	accuracy:0.5303030303030303
Model saved at epoch17
Validation loss:0.6914218483549176	accuracy:0.5303030303030303
Model saved at epoch18
Validation loss:0.6914102976972406	accuracy:0.5303030303030303
Model saved at epoch19
Validation loss:0.6914026159228701	accuracy:0.5303030303030303
Model saved at epoch20
Validation loss:0.6913956999778748	accuracy:0.5303030303030303
Model saved at epoch21
Validation loss:0.6913895841800806	accuracy:0.5303030303030303
Model saved at epoch22
Validation loss:0.6913875485911514	accuracy:0.5303030303030303
Model saved at epoch23
Validation loss:0.6913885167150786	accuracy:0.5303030303030303
Validation loss:0.6913900863040577	accuracy:0.5303030303030303
Validation loss:0.6913916071256002	accuracy:0.5303030303030303
Validation loss:0.69139779697765	accuracy:0.5303030303030303
Validation loss:0.6914061578837308	accuracy:0.5303030303030303
Validation loss:0.6914250146258961	accuracy:0.5303030303030303
Validation loss:0.6914330757025516	accuracy:0.5303030303030303
Validation loss:0.6914382649190498	accuracy:0.5303030303030303
Validation loss:0.691448141228069	accuracy:0.5303030303030303
Validation loss:0.691455187219562	accuracy:0.5303030303030303
Validation loss:0.6914695663885637	accuracy:0.5303030303030303
Validation loss:0.6914959875020114	accuracy:0.5303030303030303
Validation loss:0.6914914015567664	accuracy:0.5303030303030303
Validation loss:0.6915318405989445	accuracy:0.5303030303030303
Validation loss:0.6915477640701063	accuracy:0.5303030303030303
Validation loss:0.6915674588897012	accuracy:0.5303030303030303
Validation loss:0.6916021758859808	accuracy:0.5303030303030303
Validation loss:0.6916438413388801	accuracy:0.5303030303030303
Validation loss:0.6916393764091261	accuracy:0.5303030303030303
Validation loss:0.6916558525779031	accuracy:0.5303030303030303
Validation loss:0.6916668017705282	accuracy:0.5303030303030303
Validation loss:0.6916853911948927	accuracy:0.5303030303030303
Validation loss:0.691686446016485	accuracy:0.5303030303030303
Validation loss:0.691729238539031	accuracy:0.5303030303030303
Validation loss:0.6917222124157529	accuracy:0.5303030303030303
Validation loss:0.6917122114788402	accuracy:0.5303030303030303
Validation loss:0.6917526902574481	accuracy:0.5303030303030303
Validation loss:0.6917648459925796	accuracy:0.5303030303030303
Validation loss:0.6918197599324313	accuracy:0.5303030303030303
Validation loss:0.6918565992153052	accuracy:0.5303030303030303
Validation loss:0.6918673154079553	accuracy:0.5303030303030303
Validation loss:0.6919007879315	accuracy:0.5303030303030303
Validation loss:0.6919142658060248	accuracy:0.5303030303030303
Validation loss:0.6919305234244375	accuracy:0.5303030303030303
Validation loss:0.6919413208961487	accuracy:0.5303030303030303
Validation loss:0.6919518600810658	accuracy:0.5303030303030303
Validation loss:0.6919729492881082	accuracy:0.5303030303030303
Validation loss:0.691991591092312	accuracy:0.5303030303030303
Validation loss:0.6920004252231482	accuracy:0.5303030303030303
Validation loss:0.692017138004303	accuracy:0.5303030303030303
Validation loss:0.6920355937697671	accuracy:0.5303030303030303
Validation loss:0.6920509627371123	accuracy:0.5303030303030303
Validation loss:0.6920597697749282	accuracy:0.5303030303030303
Validation loss:0.6920729586572358	accuracy:0.5303030303030303
Validation loss:0.6920799576874935	accuracy:0.5303030303030303
Validation loss:0.6920953122052279	accuracy:0.5303030303030303
Validation loss:0.6921013702045787	accuracy:0.5303030303030303
Validation loss:0.6921160726836233	accuracy:0.5303030303030303
Validation loss:0.6921315608602582	accuracy:0.5303030303030303
Validation loss:0.69214374368841	accuracy:0.5303030303030303
Validation loss:0.6921622698957269	accuracy:0.5303030303030303
Independent Test Accuracy:0.4621212121212121
Working on split: 7
Processing...
Done!
BOTDS(1326)
38
Hyperparameter Tuning:
[nhid:8, batch_size:16, lr:0.0001]	Validation loss:0.6913414398829142	accuracy:0.5378787878787878
[nhid:8, batch_size:16, lr:0.0005]	Validation loss:0.6963931249849724	accuracy:0.4621212121212121
[nhid:8, batch_size:16, lr:0.001]	Validation loss:0.6925698591001106	accuracy:0.5378787878787878
[nhid:8, batch_size:32, lr:0.0001]	Validation loss:0.691209532997825	accuracy:0.5378787878787878
[nhid:8, batch_size:32, lr:0.0005]	Validation loss:0.6929229895273844	accuracy:0.5378787878787878
[nhid:8, batch_size:32, lr:0.001]	Validation loss:0.6929830384976936	accuracy:0.553030303030303
[nhid:16, batch_size:16, lr:0.0001]	Validation loss:0.692732344974171	accuracy:0.5378787878787878
[nhid:16, batch_size:16, lr:0.0005]	Validation loss:0.692588620113604	accuracy:0.5378787878787878
[nhid:16, batch_size:16, lr:0.001]	Validation loss:0.6932322382926941	accuracy:0.5
[nhid:16, batch_size:32, lr:0.0001]	Validation loss:0.6946453018621965	accuracy:0.4621212121212121
[nhid:16, batch_size:32, lr:0.0005]	Validation loss:0.6921624198104396	accuracy:0.5378787878787878
[nhid:16, batch_size:32, lr:0.001]	Validation loss:0.693145544239969	accuracy:0.5227272727272727
[nhid:32, batch_size:16, lr:0.0001]	Validation loss:0.6926376783486569	accuracy:0.5378787878787878
[nhid:32, batch_size:16, lr:0.0005]	Validation loss:0.6929917913494688	accuracy:0.5378787878787878
[nhid:32, batch_size:16, lr:0.001]	Validation loss:0.6931209148782672	accuracy:0.5378787878787878
[nhid:32, batch_size:32, lr:0.0001]	Validation loss:0.6922851728670525	accuracy:0.5227272727272727
[nhid:32, batch_size:32, lr:0.0005]	Validation loss:0.6925397966847275	accuracy:0.5378787878787878
[nhid:32, batch_size:32, lr:0.001]	Validation loss:0.6930453632817124	accuracy:0.5378787878787878
[nhid:64, batch_size:16, lr:0.0001]	Validation loss:0.6929033380566221	accuracy:0.5378787878787878
[nhid:64, batch_size:16, lr:0.0005]	Validation loss:0.6925463279088339	accuracy:0.5378787878787878
[nhid:64, batch_size:16, lr:0.001]	Validation loss:0.6933403665369208	accuracy:0.4621212121212121
[nhid:64, batch_size:32, lr:0.0001]	Validation loss:0.6928659370451262	accuracy:0.5378787878787878
[nhid:64, batch_size:32, lr:0.0005]	Validation loss:0.6930996071208607	accuracy:0.5378787878787878
[nhid:64, batch_size:32, lr:0.001]	Validation loss:0.6931160778710337	accuracy:0.5378787878787878
[nhid:128, batch_size:16, lr:0.0001]	Validation loss:0.6927650191567161	accuracy:0.5378787878787878
[nhid:128, batch_size:16, lr:0.0005]	Validation loss:0.69296928246816	accuracy:0.5378787878787878
[nhid:128, batch_size:16, lr:0.001]	Validation loss:0.6924281842780836	accuracy:0.5378787878787878
[nhid:128, batch_size:32, lr:0.0001]	Validation loss:0.692523555322127	accuracy:0.5378787878787878
[nhid:128, batch_size:32, lr:0.0005]	Validation loss:0.6932133490389044	accuracy:0.5378787878787878
[nhid:128, batch_size:32, lr:0.001]	Validation loss:0.6924444437026978	accuracy:0.5378787878787878
Best hyperparameters: [nhid: 8, batch_size:32, lr:0.0001])
Training Starts.
Validation loss:0.6914076660618638	accuracy:0.5378787878787878
Model saved at epoch0
Validation loss:0.6914512208013823	accuracy:0.5378787878787878
Validation loss:0.6915163578409137	accuracy:0.5378787878787878
Validation loss:0.6915666551300974	accuracy:0.5378787878787878
Validation loss:0.6916192408764001	accuracy:0.5378787878787878
Validation loss:0.691686131737449	accuracy:0.5378787878787878
Validation loss:0.691740612188975	accuracy:0.5378787878787878
Validation loss:0.6917937795321146	accuracy:0.5378787878787878
Validation loss:0.6918288397066521	accuracy:0.5378787878787878
Validation loss:0.6918569857423956	accuracy:0.5378787878787878
Validation loss:0.6918756745078347	accuracy:0.5378787878787878
Validation loss:0.6919162165034901	accuracy:0.5378787878787878
Validation loss:0.691959180615165	accuracy:0.5378787878787878
Validation loss:0.6919714790402036	accuracy:0.5378787878787878
Validation loss:0.6920064651604855	accuracy:0.5378787878787878
Validation loss:0.6920250022050106	accuracy:0.5378787878787878
Validation loss:0.6920697941924586	accuracy:0.5378787878787878
Validation loss:0.6921203696366512	accuracy:0.5378787878787878
Validation loss:0.6921791271729902	accuracy:0.5378787878787878
Validation loss:0.6922430648948207	accuracy:0.5378787878787878
Validation loss:0.6922728383179867	accuracy:0.5378787878787878
Validation loss:0.6923080700816531	accuracy:0.5378787878787878
Validation loss:0.6923206665299155	accuracy:0.5378787878787878
Validation loss:0.6923450809536558	accuracy:0.5378787878787878
Validation loss:0.6924096526521625	accuracy:0.5378787878787878
Validation loss:0.6924208023331382	accuracy:0.5378787878787878
Validation loss:0.6924760522264423	accuracy:0.5378787878787878
Validation loss:0.69251959251635	accuracy:0.5378787878787878
Validation loss:0.6925087191841819	accuracy:0.5378787878787878
Validation loss:0.6925285530812813	accuracy:0.5378787878787878
Validation loss:0.6925596630934513	accuracy:0.5378787878787878
Validation loss:0.6926115660956411	accuracy:0.5378787878787878
Validation loss:0.6926374832789103	accuracy:0.5378787878787878
Validation loss:0.6926275527838505	accuracy:0.5378787878787878
Validation loss:0.6925955324461965	accuracy:0.5378787878787878
Validation loss:0.6926479610529813	accuracy:0.5378787878787878
Validation loss:0.6926387205268397	accuracy:0.5378787878787878
Validation loss:0.6926492380373406	accuracy:0.5378787878787878
Validation loss:0.6926522634246133	accuracy:0.5378787878787878
Validation loss:0.6926613233306191	accuracy:0.5378787878787878
Validation loss:0.6926849213513461	accuracy:0.5378787878787878
Validation loss:0.6926833445375616	accuracy:0.5378787878787878
Validation loss:0.6926828080957587	accuracy:0.5378787878787878
Validation loss:0.6927286567110004	accuracy:0.5378787878787878
Validation loss:0.6927573391885469	accuracy:0.5378787878787878
Validation loss:0.6927520235379537	accuracy:0.5378787878787878
Validation loss:0.6927959629983613	accuracy:0.5378787878787878
Validation loss:0.6927730603651567	accuracy:0.5378787878787878
Validation loss:0.6927796818993308	accuracy:0.5378787878787878
Validation loss:0.6928206700267214	accuracy:0.5378787878787878
Validation loss:0.6928368517846772	accuracy:0.5378787878787878
Validation loss:0.6928413817376802	accuracy:0.5378787878787878
Independent Test Accuracy:0.4393939393939394
Working on split: 8
Processing...
Done!
BOTDS(1326)
38
Hyperparameter Tuning:
[nhid:8, batch_size:16, lr:0.0001]	Validation loss:0.6982762741320061	accuracy:0.4393939393939394
[nhid:8, batch_size:16, lr:0.0005]	Validation loss:0.6929130770943381	accuracy:0.553030303030303
[nhid:8, batch_size:16, lr:0.001]	Validation loss:0.6959967685468269	accuracy:0.4393939393939394
[nhid:8, batch_size:32, lr:0.0001]	Validation loss:0.6983582865108143	accuracy:0.4393939393939394
[nhid:8, batch_size:32, lr:0.0005]	Validation loss:0.6950547731283939	accuracy:0.4393939393939394
[nhid:8, batch_size:32, lr:0.001]	Validation loss:0.6981381647514574	accuracy:0.4090909090909091
[nhid:16, batch_size:16, lr:0.0001]	Validation loss:0.6952536828590162	accuracy:0.4393939393939394
[nhid:16, batch_size:16, lr:0.0005]	Validation loss:0.6975865038958463	accuracy:0.4393939393939394
[nhid:16, batch_size:16, lr:0.001]	Validation loss:0.6951419060880487	accuracy:0.4393939393939394
[nhid:16, batch_size:32, lr:0.0001]	Validation loss:0.6924452384312948	accuracy:0.5606060606060606
[nhid:16, batch_size:32, lr:0.0005]	Validation loss:0.6971952192711107	accuracy:0.4393939393939394
[nhid:16, batch_size:32, lr:0.001]	Validation loss:0.6955296343023126	accuracy:0.4393939393939394
[nhid:32, batch_size:16, lr:0.0001]	Validation loss:0.6955454728820107	accuracy:0.4393939393939394
[nhid:32, batch_size:16, lr:0.0005]	Validation loss:0.6954410690249819	accuracy:0.4393939393939394
[nhid:32, batch_size:16, lr:0.001]	Validation loss:0.6948562535372648	accuracy:0.4393939393939394
[nhid:32, batch_size:32, lr:0.0001]	Validation loss:0.6959768136342367	accuracy:0.4393939393939394
[nhid:32, batch_size:32, lr:0.0005]	Validation loss:0.6982083176121567	accuracy:0.4393939393939394
[nhid:32, batch_size:32, lr:0.001]	Validation loss:0.6944371335434191	accuracy:0.4393939393939394
[nhid:64, batch_size:16, lr:0.0001]	Validation loss:0.6950510180357731	accuracy:0.4393939393939394
[nhid:64, batch_size:16, lr:0.0005]	Validation loss:0.6959587299462521	accuracy:0.4393939393939394
[nhid:64, batch_size:16, lr:0.001]	Validation loss:0.69419239506577	accuracy:0.4393939393939394
[nhid:64, batch_size:32, lr:0.0001]	Validation loss:0.6952707803610599	accuracy:0.4393939393939394
[nhid:64, batch_size:32, lr:0.0005]	Validation loss:0.6950634537321149	accuracy:0.4393939393939394
[nhid:64, batch_size:32, lr:0.001]	Validation loss:0.6952406637596361	accuracy:0.4393939393939394
[nhid:128, batch_size:16, lr:0.0001]	Validation loss:0.6953424684929125	accuracy:0.4393939393939394
[nhid:128, batch_size:16, lr:0.0005]	Validation loss:0.6952789732904145	accuracy:0.4393939393939394
[nhid:128, batch_size:16, lr:0.001]	Validation loss:0.6953849178372007	accuracy:0.4393939393939394
[nhid:128, batch_size:32, lr:0.0001]	Validation loss:0.6959069317037408	accuracy:0.4393939393939394
[nhid:128, batch_size:32, lr:0.0005]	Validation loss:0.6952350320238055	accuracy:0.4393939393939394
[nhid:128, batch_size:32, lr:0.001]	Validation loss:0.6956235242612434	accuracy:0.4393939393939394
Best hyperparameters: [nhid: 16, batch_size:32, lr:0.0001])
Training Starts.
Validation loss:0.6859395467873776	accuracy:0.5606060606060606
Model saved at epoch0
Validation loss:0.6859853014801488	accuracy:0.5606060606060606
Validation loss:0.6860370581800287	accuracy:0.5606060606060606
Validation loss:0.6860898155154604	accuracy:0.5606060606060606
Validation loss:0.6861402338201349	accuracy:0.5606060606060606
Validation loss:0.6862006476431182	accuracy:0.5606060606060606
Validation loss:0.6862718769998262	accuracy:0.5606060606060606
Validation loss:0.6863532228903337	accuracy:0.5606060606060606
Validation loss:0.6864369276798132	accuracy:0.5606060606060606
Validation loss:0.6865122553073999	accuracy:0.5606060606060606
Validation loss:0.686599642941446	accuracy:0.5606060606060606
Validation loss:0.6866804885141777	accuracy:0.5606060606060606
Validation loss:0.686776132294626	accuracy:0.5606060606060606
Validation loss:0.6869047609242526	accuracy:0.5606060606060606
Validation loss:0.6870201844157595	accuracy:0.5606060606060606
Validation loss:0.6870990377483945	accuracy:0.5606060606060606
Validation loss:0.6871823722665961	accuracy:0.5606060606060606
Validation loss:0.6872746059388826	accuracy:0.5606060606060606
Validation loss:0.6873920505697076	accuracy:0.5606060606060606
Validation loss:0.6875042752786116	accuracy:0.5606060606060606
Validation loss:0.687599702314897	accuracy:0.5606060606060606
Validation loss:0.6877051429315046	accuracy:0.5606060606060606
Validation loss:0.6878338167161653	accuracy:0.5606060606060606
Validation loss:0.6879181717381333	accuracy:0.5606060606060606
Validation loss:0.6880133910612627	accuracy:0.5606060606060606
Validation loss:0.6881289373744618	accuracy:0.5606060606060606
Validation loss:0.6882369391845934	accuracy:0.5606060606060606
Validation loss:0.6883159930055792	accuracy:0.5606060606060606
Validation loss:0.6884182276147784	accuracy:0.5606060606060606
Validation loss:0.6884886640490908	accuracy:0.5606060606060606
Validation loss:0.6885675553119543	accuracy:0.5606060606060606
Validation loss:0.6886576034805991	accuracy:0.5606060606060606
Validation loss:0.6887438333395756	accuracy:0.5606060606060606
Validation loss:0.6888394753138224	accuracy:0.5606060606060606
Validation loss:0.6889418869307546	accuracy:0.5606060606060606
Validation loss:0.6890288916501132	accuracy:0.5606060606060606
Validation loss:0.6891172112840594	accuracy:0.5606060606060606
Validation loss:0.6892177227771643	accuracy:0.5606060606060606
Validation loss:0.6892856196923689	accuracy:0.5606060606060606
Validation loss:0.6893663767612341	accuracy:0.5606060606060606
Validation loss:0.6894562587593541	accuracy:0.5606060606060606
Validation loss:0.6895265904339877	accuracy:0.5606060606060606
Validation loss:0.6895910880782388	accuracy:0.5606060606060606
Validation loss:0.6896594762802124	accuracy:0.5606060606060606
Validation loss:0.6897291252107332	accuracy:0.5606060606060606
Validation loss:0.6898128643180385	accuracy:0.5606060606060606
Validation loss:0.6898766864429821	accuracy:0.5606060606060606
Validation loss:0.68992690967791	accuracy:0.5606060606060606
Validation loss:0.6899840488578334	accuracy:0.5606060606060606
Validation loss:0.6900543678890575	accuracy:0.5606060606060606
Validation loss:0.6901407476627466	accuracy:0.5606060606060606
Validation loss:0.6902097680351951	accuracy:0.5606060606060606
Independent Test Accuracy:0.5075757575757576
Working on split: 9
Processing...
Done!
BOTDS(1326)
38
Hyperparameter Tuning:
[nhid:8, batch_size:16, lr:0.0001]	Validation loss:0.6936691800753275	accuracy:0.49242424242424243
[nhid:8, batch_size:16, lr:0.0005]	Validation loss:0.6931907227545073	accuracy:0.48484848484848486
[nhid:8, batch_size:16, lr:0.001]	Validation loss:0.6932004220557936	accuracy:0.49242424242424243
[nhid:8, batch_size:32, lr:0.0001]	Validation loss:0.6931765946474943	accuracy:0.48484848484848486
[nhid:8, batch_size:32, lr:0.0005]	Validation loss:0.6931835322669058	accuracy:0.5075757575757576
[nhid:8, batch_size:32, lr:0.001]	Validation loss:0.6931059956550598	accuracy:0.5075757575757576
[nhid:16, batch_size:16, lr:0.0001]	Validation loss:0.6940149448134683	accuracy:0.5075757575757576
[nhid:16, batch_size:16, lr:0.0005]	Validation loss:0.6930943113384824	accuracy:0.5075757575757576
[nhid:16, batch_size:16, lr:0.001]	Validation loss:0.6930876681298921	accuracy:0.5075757575757576
[nhid:16, batch_size:32, lr:0.0001]	Validation loss:0.6934063795841101	accuracy:0.49242424242424243
[nhid:16, batch_size:32, lr:0.0005]	Validation loss:0.6934842774362275	accuracy:0.5075757575757576
[nhid:16, batch_size:32, lr:0.001]	Validation loss:0.693140680139715	accuracy:0.5075757575757576
[nhid:32, batch_size:16, lr:0.0001]	Validation loss:0.6930208495168975	accuracy:0.5075757575757576
[nhid:32, batch_size:16, lr:0.0005]	Validation loss:0.6930898897575609	accuracy:0.5075757575757576
[nhid:32, batch_size:16, lr:0.001]	Validation loss:0.6930608930009784	accuracy:0.5075757575757576
[nhid:32, batch_size:32, lr:0.0001]	Validation loss:0.6930838877504523	accuracy:0.5075757575757576
[nhid:32, batch_size:32, lr:0.0005]	Validation loss:0.6931224140253934	accuracy:0.5075757575757576
[nhid:32, batch_size:32, lr:0.001]	Validation loss:0.693051172025276	accuracy:0.5075757575757576
[nhid:64, batch_size:16, lr:0.0001]	Validation loss:0.6930800333167567	accuracy:0.5075757575757576
[nhid:64, batch_size:16, lr:0.0005]	Validation loss:0.6930560090325095	accuracy:0.5075757575757576
[nhid:64, batch_size:16, lr:0.001]	Validation loss:0.6930421446308945	accuracy:0.5075757575757576
[nhid:64, batch_size:32, lr:0.0001]	Validation loss:0.6931407867055951	accuracy:0.5075757575757576
[nhid:64, batch_size:32, lr:0.0005]	Validation loss:0.6931068247014825	accuracy:0.5075757575757576
[nhid:64, batch_size:32, lr:0.001]	Validation loss:0.6931142301270456	accuracy:0.5075757575757576
[nhid:128, batch_size:16, lr:0.0001]	Validation loss:0.6930706555193121	accuracy:0.5075757575757576
[nhid:128, batch_size:16, lr:0.0005]	Validation loss:0.6930423108014193	accuracy:0.5075757575757576
[nhid:128, batch_size:16, lr:0.001]	Validation loss:0.6930482044364467	accuracy:0.5075757575757576
[nhid:128, batch_size:32, lr:0.0001]	Validation loss:0.6930456558863322	accuracy:0.5075757575757576
[nhid:128, batch_size:32, lr:0.0005]	Validation loss:0.6931141000805479	accuracy:0.5075757575757576
[nhid:128, batch_size:32, lr:0.001]	Validation loss:0.693035263003725	accuracy:0.5075757575757576
Best hyperparameters: [nhid: 32, batch_size:16, lr:0.0001])
Training Starts.
Validation loss:0.7193483060056513	accuracy:0.49242424242424243
Model saved at epoch0
Validation loss:0.718526921489022	accuracy:0.49242424242424243
Model saved at epoch1
Validation loss:0.7175870230703643	accuracy:0.49242424242424243
Model saved at epoch2
Validation loss:0.7166497635118889	accuracy:0.49242424242424243
Model saved at epoch3
Validation loss:0.7157185077667236	accuracy:0.49242424242424243
Model saved at epoch4
Validation loss:0.7147467280879165	accuracy:0.49242424242424243
Model saved at epoch5
Validation loss:0.7137576016512784	accuracy:0.49242424242424243
Model saved at epoch6
Validation loss:0.7126787521622397	accuracy:0.49242424242424243
Model saved at epoch7
Validation loss:0.7115764220555624	accuracy:0.49242424242424243
Model saved at epoch8
Validation loss:0.7104092547387788	accuracy:0.49242424242424243
Model saved at epoch9
Validation loss:0.7091959046595024	accuracy:0.49242424242424243
Model saved at epoch10
Validation loss:0.7081005501024651	accuracy:0.49242424242424243
Model saved at epoch11
Validation loss:0.7070753863363555	accuracy:0.49242424242424243
Model saved at epoch12
Validation loss:0.7060241012862234	accuracy:0.49242424242424243
Model saved at epoch13
Validation loss:0.7049631024851943	accuracy:0.49242424242424243
Model saved at epoch14
Validation loss:0.7039566310969266	accuracy:0.49242424242424243
Model saved at epoch15
Validation loss:0.7028330564498901	accuracy:0.49242424242424243
Model saved at epoch16
Validation loss:0.701762779192491	accuracy:0.49242424242424243
Model saved at epoch17
Validation loss:0.7007616090052056	accuracy:0.49242424242424243
Model saved at epoch18
Validation loss:0.6998365792361173	accuracy:0.49242424242424243
Model saved at epoch19
Validation loss:0.6990351315700647	accuracy:0.49242424242424243
Model saved at epoch20
Validation loss:0.6983462734655901	accuracy:0.49242424242424243
Model saved at epoch21
Validation loss:0.6976028500181256	accuracy:0.49242424242424243
Model saved at epoch22
Validation loss:0.6969512592662465	accuracy:0.49242424242424243
Model saved at epoch23
Validation loss:0.6963098554900198	accuracy:0.49242424242424243
Model saved at epoch24
Validation loss:0.6957165038946903	accuracy:0.49242424242424243
Model saved at epoch25
Validation loss:0.6953161882631707	accuracy:0.49242424242424243
Model saved at epoch26
Validation loss:0.6950288035652854	accuracy:0.49242424242424243
Model saved at epoch27
Validation loss:0.694750169912974	accuracy:0.49242424242424243
Model saved at epoch28
Validation loss:0.6944854385925062	accuracy:0.49242424242424243
Model saved at epoch29
Validation loss:0.6943028478911428	accuracy:0.49242424242424243
Model saved at epoch30
Validation loss:0.6941829558574792	accuracy:0.49242424242424243
Model saved at epoch31
Validation loss:0.693940231294343	accuracy:0.49242424242424243
Model saved at epoch32
Validation loss:0.6938788565722379	accuracy:0.49242424242424243
Model saved at epoch33
Validation loss:0.6938367287317911	accuracy:0.49242424242424243
Model saved at epoch34
Validation loss:0.6938258590120258	accuracy:0.49242424242424243
Model saved at epoch35
Validation loss:0.6938182530981122	accuracy:0.49242424242424243
Model saved at epoch36
Validation loss:0.6937942793875029	accuracy:0.49242424242424243
Model saved at epoch37
Validation loss:0.6937615582437227	accuracy:0.49242424242424243
Model saved at epoch38
Validation loss:0.693717031767874	accuracy:0.49242424242424243
Model saved at epoch39
Validation loss:0.6936799414230116	accuracy:0.49242424242424243
Model saved at epoch40
Validation loss:0.6936949635996963	accuracy:0.49242424242424243
Validation loss:0.6937121604428147	accuracy:0.49242424242424243
Validation loss:0.6937643759178392	accuracy:0.49242424242424243
Validation loss:0.6937576749108054	accuracy:0.49242424242424243
Validation loss:0.6937300671230663	accuracy:0.49242424242424243
Validation loss:0.693810887408979	accuracy:0.49242424242424243
Validation loss:0.6938780636498423	accuracy:0.49242424242424243
Validation loss:0.6938481583739772	accuracy:0.49242424242424243
Validation loss:0.693766429568782	accuracy:0.49242424242424243
Validation loss:0.6937753287228671	accuracy:0.49242424242424243
Validation loss:0.6937790964588975	accuracy:0.49242424242424243
Validation loss:0.693880760308468	accuracy:0.49242424242424243
Validation loss:0.6939149336381392	accuracy:0.49242424242424243
Validation loss:0.6938778378746726	accuracy:0.49242424242424243
Validation loss:0.6938803683627736	accuracy:0.49242424242424243
Validation loss:0.6938306833758499	accuracy:0.49242424242424243
Validation loss:0.6938242009191802	accuracy:0.49242424242424243
Validation loss:0.6937737826145056	accuracy:0.49242424242424243
Validation loss:0.6937871701789625	accuracy:0.49242424242424243
Validation loss:0.6937798225518429	accuracy:0.49242424242424243
Validation loss:0.6937550107638041	accuracy:0.49242424242424243
Validation loss:0.6937442548347242	accuracy:0.49242424242424243
Validation loss:0.6937424450209646	accuracy:0.49242424242424243
Validation loss:0.6936583681540056	accuracy:0.49242424242424243
Model saved at epoch64
Validation loss:0.6936008496717974	accuracy:0.49242424242424243
Model saved at epoch65
Validation loss:0.6935435822515776	accuracy:0.49242424242424243
Model saved at epoch66
Validation loss:0.6935367367484353	accuracy:0.49242424242424243
Model saved at epoch67
Validation loss:0.6936217365842877	accuracy:0.49242424242424243
Validation loss:0.6936584277586504	accuracy:0.49242424242424243
Validation loss:0.6937150593959924	accuracy:0.49242424242424243
Validation loss:0.693678617477417	accuracy:0.49242424242424243
Validation loss:0.6937592770114089	accuracy:0.49242424242424243
Validation loss:0.6938394940260685	accuracy:0.49242424242424243
Validation loss:0.6938781918901386	accuracy:0.49242424242424243
Validation loss:0.6938927119428461	accuracy:0.49242424242424243
Validation loss:0.6939918489167185	accuracy:0.49242424242424243
Validation loss:0.6940629337773179	accuracy:0.49242424242424243
Validation loss:0.6941420526215525	accuracy:0.49242424242424243
Validation loss:0.6942804004206802	accuracy:0.49242424242424243
Validation loss:0.6943368135076581	accuracy:0.49242424242424243
Validation loss:0.6942836786761428	accuracy:0.49242424242424243
Validation loss:0.6942872495362253	accuracy:0.49242424242424243
Validation loss:0.6943199706800056	accuracy:0.49242424242424243
Validation loss:0.6942593328880541	accuracy:0.49242424242424243
Validation loss:0.6941917755387046	accuracy:0.49242424242424243
Validation loss:0.6940987977114591	accuracy:0.49242424242424243
Validation loss:0.6940202839446791	accuracy:0.49242424242424243
Validation loss:0.693925445730036	accuracy:0.49242424242424243
Validation loss:0.6939109599951542	accuracy:0.49242424242424243
Validation loss:0.6939791368715691	accuracy:0.49242424242424243
Validation loss:0.693989432219303	accuracy:0.49242424242424243
Validation loss:0.6940009214661338	accuracy:0.49242424242424243
Validation loss:0.6939915129632661	accuracy:0.49242424242424243
Validation loss:0.6939574624552871	accuracy:0.49242424242424243
Validation loss:0.6939707470662666	accuracy:0.49242424242424243
Validation loss:0.6939962560480292	accuracy:0.49242424242424243
Validation loss:0.6939459063790061	accuracy:0.49242424242424243
Validation loss:0.6938694029143362	accuracy:0.49242424242424243
Validation loss:0.6938397071578286	accuracy:0.49242424242424243
Validation loss:0.693895571159594	accuracy:0.49242424242424243
Validation loss:0.693922039234277	accuracy:0.49242424242424243
Validation loss:0.693911404320688	accuracy:0.49242424242424243
Validation loss:0.6938763784639763	accuracy:0.49242424242424243
Validation loss:0.6938382495533336	accuracy:0.49242424242424243
Validation loss:0.6938063466187679	accuracy:0.49242424242424243
Validation loss:0.693851781613899	accuracy:0.49242424242424243
Validation loss:0.6939064968716014	accuracy:0.49242424242424243
Validation loss:0.6938597469618826	accuracy:0.49242424242424243
Validation loss:0.6938590064193263	accuracy:0.49242424242424243
Validation loss:0.6938297495697484	accuracy:0.49242424242424243
Validation loss:0.6938213886636676	accuracy:0.49242424242424243
Validation loss:0.6937969832709341	accuracy:0.49242424242424243
Validation loss:0.6938463015989824	accuracy:0.49242424242424243
Validation loss:0.6937984264258182	accuracy:0.49242424242424243
Validation loss:0.6938218275705973	accuracy:0.49242424242424243
Validation loss:0.6937676270802816	accuracy:0.49242424242424243
Validation loss:0.6937479972839355	accuracy:0.49242424242424243
Validation loss:0.6937442006486835	accuracy:0.49242424242424243
Independent Test Accuracy:0.5507246376811594
Working on split: 10
Processing...
Done!
BOTDS(1326)
38
Hyperparameter Tuning:
[nhid:8, batch_size:16, lr:0.0001]	Validation loss:0.6914277510209517	accuracy:0.553030303030303
[nhid:8, batch_size:16, lr:0.0005]	Validation loss:0.6984161427526763	accuracy:0.44696969696969696
[nhid:8, batch_size:16, lr:0.001]	Validation loss:0.6937231493718696	accuracy:0.44696969696969696
[nhid:8, batch_size:32, lr:0.0001]	Validation loss:0.6905463735262553	accuracy:0.553030303030303
[nhid:8, batch_size:32, lr:0.0005]	Validation loss:0.6939575094165225	accuracy:0.44696969696969696
[nhid:8, batch_size:32, lr:0.001]	Validation loss:0.6945173252712596	accuracy:0.44696969696969696
[nhid:16, batch_size:16, lr:0.0001]	Validation loss:0.6935457713676222	accuracy:0.44696969696969696
[nhid:16, batch_size:16, lr:0.0005]	Validation loss:0.6930620832876726	accuracy:0.553030303030303
[nhid:16, batch_size:16, lr:0.001]	Validation loss:0.6947194717147134	accuracy:0.44696969696969696
[nhid:16, batch_size:32, lr:0.0001]	Validation loss:0.6965397524111199	accuracy:0.44696969696969696
[nhid:16, batch_size:32, lr:0.0005]	Validation loss:0.6935229445948745	accuracy:0.4318181818181818
[nhid:16, batch_size:32, lr:0.001]	Validation loss:0.6973071441505895	accuracy:0.44696969696969696
[nhid:32, batch_size:16, lr:0.0001]	Validation loss:0.6935661399003231	accuracy:0.44696969696969696
[nhid:32, batch_size:16, lr:0.0005]	Validation loss:0.6935238910443855	accuracy:0.44696969696969696
[nhid:32, batch_size:16, lr:0.001]	Validation loss:0.6945355390057419	accuracy:0.44696969696969696
[nhid:32, batch_size:32, lr:0.0001]	Validation loss:0.6929732398553328	accuracy:0.48484848484848486
[nhid:32, batch_size:32, lr:0.0005]	Validation loss:0.6925466458002726	accuracy:0.553030303030303
[nhid:32, batch_size:32, lr:0.001]	Validation loss:0.6941290371345751	accuracy:0.44696969696969696
[nhid:64, batch_size:16, lr:0.0001]	Validation loss:0.6935895970373442	accuracy:0.44696969696969696
[nhid:64, batch_size:16, lr:0.0005]	Validation loss:0.6931784658720999	accuracy:0.44696969696969696
[nhid:64, batch_size:16, lr:0.001]	Validation loss:0.6942032051808906	accuracy:0.44696969696969696
[nhid:64, batch_size:32, lr:0.0001]	Validation loss:0.6940161892862031	accuracy:0.44696969696969696
[nhid:64, batch_size:32, lr:0.0005]	Validation loss:0.6932407942685214	accuracy:0.44696969696969696
[nhid:64, batch_size:32, lr:0.001]	Validation loss:0.6925934300278173	accuracy:0.553030303030303
[nhid:128, batch_size:16, lr:0.0001]	Validation loss:0.6942747668786482	accuracy:0.44696969696969696
[nhid:128, batch_size:16, lr:0.0005]	Validation loss:0.6939507795102668	accuracy:0.44696969696969696
[nhid:128, batch_size:16, lr:0.001]	Validation loss:0.6935621066526934	accuracy:0.44696969696969696
[nhid:128, batch_size:32, lr:0.0001]	Validation loss:0.6937881184346748	accuracy:0.44696969696969696
[nhid:128, batch_size:32, lr:0.0005]	Validation loss:0.6942254648064122	accuracy:0.44696969696969696
[nhid:128, batch_size:32, lr:0.001]	Validation loss:0.6947059125611277	accuracy:0.4393939393939394
Best hyperparameters: [nhid: 8, batch_size:32, lr:0.0001])
Training Starts.
Validation loss:0.690583510832353	accuracy:0.553030303030303
Model saved at epoch0
Validation loss:0.690728120731585	accuracy:0.553030303030303
Validation loss:0.6908203959465027	accuracy:0.553030303030303
Validation loss:0.6909301118417219	accuracy:0.553030303030303
Validation loss:0.6910421071630536	accuracy:0.553030303030303
Validation loss:0.6911724480715665	accuracy:0.553030303030303
Validation loss:0.6912902178186359	accuracy:0.553030303030303
Validation loss:0.6914029518763224	accuracy:0.553030303030303
Validation loss:0.6914662772958929	accuracy:0.553030303030303
Validation loss:0.6915184656778971	accuracy:0.553030303030303
Validation loss:0.6916049845290907	accuracy:0.553030303030303
Validation loss:0.6916843688849247	accuracy:0.553030303030303
Validation loss:0.6917399529254797	accuracy:0.553030303030303
Validation loss:0.6917654691320477	accuracy:0.553030303030303
Validation loss:0.6918209610563336	accuracy:0.553030303030303
Validation loss:0.6919255617893103	accuracy:0.553030303030303
Validation loss:0.6919884988755891	accuracy:0.553030303030303
Validation loss:0.6920947775696263	accuracy:0.553030303030303
Validation loss:0.6921661839340673	accuracy:0.553030303030303
Validation loss:0.6922705462484648	accuracy:0.553030303030303
Validation loss:0.6923358982259576	accuracy:0.553030303030303
Validation loss:0.6923659479979313	accuracy:0.553030303030303
Validation loss:0.6924239631855127	accuracy:0.553030303030303
Validation loss:0.6924908341783466	accuracy:0.553030303030303
Validation loss:0.692571040355798	accuracy:0.553030303030303
Validation loss:0.6926187349088264	accuracy:0.553030303030303
Validation loss:0.6926852609172012	accuracy:0.553030303030303
Validation loss:0.69279186111508	accuracy:0.553030303030303
Validation loss:0.6928075804854884	accuracy:0.553030303030303
Validation loss:0.6928442716598511	accuracy:0.553030303030303
Validation loss:0.6929195143959739	accuracy:0.553030303030303
Validation loss:0.6929802732034163	accuracy:0.553030303030303
Validation loss:0.6930244366327921	accuracy:0.553030303030303
Validation loss:0.693044743754647	accuracy:0.553030303030303
Validation loss:0.6930448340647148	accuracy:0.553030303030303
Validation loss:0.6931589119362108	accuracy:0.49242424242424243
Validation loss:0.6932553468328534	accuracy:0.44696969696969696
Validation loss:0.6933394020253961	accuracy:0.44696969696969696
Validation loss:0.6933516227837765	accuracy:0.44696969696969696
Validation loss:0.6934154286529078	accuracy:0.44696969696969696
Validation loss:0.6934938539158214	accuracy:0.44696969696969696
Validation loss:0.6934832406766487	accuracy:0.44696969696969696
Validation loss:0.693493355404247	accuracy:0.44696969696969696
Validation loss:0.6935671965281168	accuracy:0.44696969696969696
Validation loss:0.693604335640416	accuracy:0.44696969696969696
Validation loss:0.6936301968314431	accuracy:0.44696969696969696
Validation loss:0.6936869946393099	accuracy:0.44696969696969696
Validation loss:0.6936768997799266	accuracy:0.44696969696969696
Validation loss:0.6936771815473383	accuracy:0.44696969696969696
Validation loss:0.6936761935551962	accuracy:0.44696969696969696
Validation loss:0.693745985175624	accuracy:0.44696969696969696
Validation loss:0.6937883442098444	accuracy:0.44696969696969696
Independent Test Accuracy:0.4696969696969697
